<?xml version="1.0" encoding="UTF-8"?>
<!-- Generated by org.testng.reporters.JUnitReportReporter -->
<testsuite hostname="DESKTOP-BBNIE4R" failures="0" tests="1" name="testCases.TC0005_ImageCarousel" time="44.762" errors="0" timestamp="2024-11-15T13:43:55 IST" skipped="0">
  <testcase classname="testCases.TC0005_ImageCarousel" name="verify_ImageCarousel" time="44.762"/>
</testsuite> <!-- testCases.TC0005_ImageCarousel -->
