<?xml version="1.0" encoding="UTF-8"?>
<!-- Generated by org.testng.reporters.JUnitReportReporter -->
<testsuite hostname="DESKTOP-BBNIE4R" failures="0" tests="1" name="testCases.TC0002_EndToEndTest" time="36.293" errors="0" timestamp="2024-11-15T17:09:16 IST" skipped="0">
  <testcase classname="testCases.TC0002_EndToEndTest" name="verify_Carrier" time="36.293"/>
</testsuite> <!-- testCases.TC0002_EndToEndTest -->
