<?xml version="1.0" encoding="UTF-8"?>
<!-- Generated by org.testng.reporters.JUnitReportReporter -->
<testsuite hostname="DESKTOP-BBNIE4R" failures="0" tests="1" name="testCases.TC0003_SignInTest" time="8.588" errors="0" timestamp="2024-11-15T17:17:49 IST" skipped="0">
  <testcase classname="testCases.TC0003_SignInTest" name="verify_loginDDT" time="8.588"/>
</testsuite> <!-- testCases.TC0003_SignInTest -->
