<?xml version="1.0" encoding="UTF-8"?>
<!-- Generated by org.testng.reporters.JUnitReportReporter -->
<testsuite hostname="DESKTOP-BBNIE4R" failures="0" tests="1" name="testCases.TC0004_ImageCarousel" time="7.491" errors="0" timestamp="2024-11-15T17:17:49 IST" skipped="0">
  <testcase classname="testCases.TC0004_ImageCarousel" name="verify_ImageCarousel" time="7.491"/>
</testsuite> <!-- testCases.TC0004_ImageCarousel -->
